<?xml version="1.0" encoding="UTF-8"?>
<robot generator="Robot 4.1.3 (Python 3.9.10 on win32)" generated="20220309 13:59:24.918" rpa="false" schemaversion="2">
<suite id="s1" name="TC1" source="D:\Robot\TestCases\TC1.robot">
<test id="s1-t1" name="LoginTest">
<kw name="Open Browser" library="SeleniumLibrary">
<arg>https://www.bdjobs.com/</arg>
<arg>chrome</arg>
<doc>Opens a new browser instance to the optional ``url``.</doc>
<msg timestamp="20220309 13:59:25.262" level="INFO">Opening browser 'chrome' to base url 'https://www.bdjobs.com/'.</msg>
<status status="PASS" starttime="20220309 13:59:25.262" endtime="20220309 13:59:42.340"/>
</kw>
<kw name="Maximize Browser Window" library="SeleniumLibrary">
<doc>Maximizes current browser window.</doc>
<status status="PASS" starttime="20220309 13:59:42.340" endtime="20220309 13:59:42.499"/>
</kw>
<kw name="Click Element" library="SeleniumLibrary">
<arg>xpath://*[@id="bs-example-navbar-collapse-1"]/ul/li[3]/a</arg>
<doc>Click the element identified by ``locator``.</doc>
<msg timestamp="20220309 13:59:42.505" level="INFO">Clicking element 'xpath://*[@id="bs-example-navbar-collapse-1"]/ul/li[3]/a'.</msg>
<status status="PASS" starttime="20220309 13:59:42.504" endtime="20220309 13:59:42.695"/>
</kw>
<kw name="Click Link" library="SeleniumLibrary">
<arg>xpath://*[@id="bs-example-navbar-collapse-1"]/ul/li[3]/ul/li/div[1]/div[2]/div[3]/a[1]\</arg>
<doc>Clicks a link identified by ``locator``.</doc>
<msg timestamp="20220309 13:59:42.696" level="INFO">Clicking link 'xpath://*[@id="bs-example-navbar-collapse-1"]/ul/li[3]/ul/li/div[1]/div[2]/div[3]/a[1]'.</msg>
<status status="PASS" starttime="20220309 13:59:42.695" endtime="20220309 13:59:47.156"/>
</kw>
<kw name="Input Text" library="SeleniumLibrary">
<arg>id:TXTUSERNAME</arg>
<arg>rm.qups@gmail.com</arg>
<doc>Types the given ``text`` into the text field identified by ``locator``.</doc>
<msg timestamp="20220309 13:59:47.160" level="INFO">Typing text 'rm.qups@gmail.com' into text field 'id:TXTUSERNAME'.</msg>
<status status="PASS" starttime="20220309 13:59:47.158" endtime="20220309 13:59:47.327"/>
</kw>
<kw name="Click Element" library="SeleniumLibrary">
<arg>xpath://*[@id="form1"]/div[2]/div/div[2]/div/div[2]/input</arg>
<doc>Click the element identified by ``locator``.</doc>
<msg timestamp="20220309 13:59:47.328" level="INFO">Clicking element 'xpath://*[@id="form1"]/div[2]/div/div[2]/div/div[2]/input'.</msg>
<status status="PASS" starttime="20220309 13:59:47.328" endtime="20220309 13:59:49.429"/>
</kw>
<kw name="Input Text" library="SeleniumLibrary">
<arg>id:TXTPASS</arg>
<arg>rm123456789</arg>
<doc>Types the given ``text`` into the text field identified by ``locator``.</doc>
<msg timestamp="20220309 13:59:49.433" level="INFO">Typing text 'rm123456789' into text field 'id:TXTPASS'.</msg>
<status status="PASS" starttime="20220309 13:59:49.431" endtime="20220309 13:59:49.556"/>
</kw>
<kw name="Click Element" library="SeleniumLibrary">
<arg>xpath://*[@id="form1"]/div[2]/div/div[2]/div/div[2]/input</arg>
<doc>Click the element identified by ``locator``.</doc>
<msg timestamp="20220309 13:59:49.557" level="INFO">Clicking element 'xpath://*[@id="form1"]/div[2]/div/div[2]/div/div[2]/input'.</msg>
<status status="PASS" starttime="20220309 13:59:49.557" endtime="20220309 13:59:49.626"/>
</kw>
<kw name="Close Browser" library="SeleniumLibrary">
<doc>Closes the current browser.</doc>
<status status="PASS" starttime="20220309 13:59:49.628" endtime="20220309 13:59:51.975"/>
</kw>
<status status="PASS" starttime="20220309 13:59:25.262" endtime="20220309 13:59:51.975"/>
</test>
<status status="PASS" starttime="20220309 13:59:24.918" endtime="20220309 13:59:51.975"/>
</suite>
<statistics>
<total>
<stat pass="1" fail="0" skip="0">All Tests</stat>
</total>
<tag>
</tag>
<suite>
<stat pass="1" fail="0" skip="0" id="s1" name="TC1">TC1</stat>
</suite>
</statistics>
<errors>
</errors>
</robot>
